2017-03-01 16:30:13,290 (INFO) webcampak : ===START===
2017-03-01 16:30:13,292 (INFO) webcampak : capture(): Start
2017-03-01 16:30:13,386 (INFO) webcampak : Config.init(): Loaded INI config file: /home/webcampak/webcampak/config/config-general.cfg
2017-03-01 16:30:13,532 (INFO) webcampak : Config.init(): Loaded INI config file: /home/webcampak/webcampak/resources/etc/config-source1.cfg
2017-03-01 16:30:13,534 (INFO) webcampak : Config.init(): Loaded INI config file: /home/webcampak/webcampak/resources/etc/config-source1-ftpservers.cfg
2017-03-01 16:30:13,564 (INFO) webcampak : capture.initGetText(): Initialized gettext with Domain: webcampak - Language: en_US.utf8 - Path: /home/webcampak/webcampak/i18n/
2017-03-01 16:30:13,594 (INFO) webcampak : timeUtils.getCurrentSourceTime(): Source Timezone is: Europe/Paris
2017-03-01 16:30:13,626 (INFO) webcampak : timeUtils.getCurrentSourceTime(): Current source time: 2017-03-01T16:30:13.597988+01:00
2017-03-01 16:30:13,627 (INFO) webcampak : capture.setScriptStartTime(): Script Start Time set to: 2017-03-01T16:30:13.597988+01:00
2017-03-01 16:30:13,628 (INFO) webcampak : capture(): Set Capture Time to script start time (default at script startup)
2017-03-01 16:30:13,629 (INFO) webcampak : capture.setCaptureTime(): Capture Time set to: 2017-03-01 16:30:13.597988+01:00
2017-03-01 16:30:13,658 (INFO) webcampak : capture(): Create Capture Status object and set script start date
2017-03-01 16:30:14,661 (INFO) webcampak : captureObj.setCaptureFile(): Capture file set to: /home/webcampak/webcampak/sources/source1/live/last-capture.json
2017-03-01 16:30:14,783 (INFO) webcampak : capture(): Load previous Capture Status Object (if available)
2017-03-01 16:30:15,401 (INFO) webcampak : captureObj.setCaptureFile(): Capture file set to: /home/webcampak/webcampak/sources/source1/live/last-capture.json
2017-03-01 16:30:15,402 (INFO) webcampak : captureObj.loadJsonFile(): Load JSON file into memory: /home/webcampak/webcampak/sources/source1/live/last-capture.json
2017-03-01 16:30:15,481 (INFO) webcampak : capture(): Initializing the following capture driver: gphoto
2017-03-01 16:30:15,482 (INFO) webcampak : capture.run(): Initiate capture process for source: 1
2017-03-01 16:30:15,495 (INFO) webcampak : captureUtils.isWithinTimeframe(): Current Day: 3 - Current Time: 1630
2017-03-01 16:30:15,497 (INFO) webcampak : captureUtils.isWithinTimeframe(): Capture allowed between: 800 and: 1800
2017-03-01 16:30:15,512 (INFO) webcampak : captureObj.getLastCaptureTime(): Last capture time: 2017-03-01 16:20:17.075944+01:00
2017-03-01 16:30:15,513 (INFO) webcampak : captureUtils.checkInterval(): Last capture 596522 ms ago
2017-03-01 16:30:15,530 (INFO) webcampak : captureUtils.checkInterval(): Minimum capture interval: 3000 ms
2017-03-01 16:30:15,531 (INFO) webcampak : captureUtils.checkInterval(): Capture slot available
2017-03-01 16:30:15,532 (INFO) webcampak : captureGphoto.capture(): Initiating capture
2017-03-01 16:30:15,533 (INFO) webcampak : timeUtils.getCurrentSourceTime(): Source Timezone is: Europe/Paris
2017-03-01 16:30:15,549 (INFO) webcampak : timeUtils.getCurrentSourceTime(): Current source time: 2017-03-01T16:30:15.549352+01:00
2017-03-01 16:30:15,648 (INFO) webcampak : captureGphoto.triggerCapture(): Gphoto: Start Capture
2017-03-01 16:30:21,576 (INFO) webcampak : captureGphoto.triggerCapture() - OUTPUT 1: New file is in location /capt0000.jpg on the camera
Saving file as /home/webcampak/webcampak/sources/source1/tmp/20170301163013.jpg
Deleting file /capt0000.jpg on the camera

2017-03-01 16:30:21,578 (INFO) webcampak : captureGphoto.triggerCapture() - OUTPUT 2:
2017-03-01 16:30:21,580 (INFO) webcampak : captureUtils.verifyCapturedFile(): File: /home/webcampak/webcampak/sources/source1/tmp/20170301163013.jpg size is 3256854 bytes
2017-03-01 16:30:21,581 (INFO) webcampak : captureUtils.verifyCapturedFile(): Check File: Successful
2017-03-01 16:30:21,582 (INFO) webcampak : captureGphoto.capture(): Capture successful
2017-03-01 16:30:21,587 (INFO) webcampak : capture.run(): Begin processing of picture: /home/webcampak/webcampak/sources/source1/tmp/20170301163013.jpg
2017-03-01 16:30:21,588 (INFO) webcampak : captureUtils.modifyPictures(): Rotating disabled
2017-03-01 16:30:21,589 (INFO) webcampak : captureUtils.modifyPictures(): Cropping disabled
2017-03-01 16:30:21,590 (INFO) webcampak : captureUtils.modifyPictures(): Watermark disabled
2017-03-01 16:30:21,591 (INFO) webcampak : captureUtils.modifyPictures(): Legend disabled
2017-03-01 16:30:21,593 (INFO) webcampak : captureUtils.modifyPictures(): Sensor 1 disabled
2017-03-01 16:30:21,594 (INFO) webcampak : captureUtils.modifyPictures(): Sensor 2 disabled
2017-03-01 16:30:21,607 (INFO) webcampak : captureUtils.modifyPictures(): Sensor 3 disabled
2017-03-01 16:30:21,608 (INFO) webcampak : captureUtils.modifyPictures(): Sensor 4 disabled
2017-03-01 16:30:21,609 (INFO) webcampak : captureUtils.modifyPictures(): Resizing disabled
2017-03-01 16:30:21,611 (INFO) webcampak : captureUtils.createLivePicture(): Copying full size JPG picture: /home/webcampak/webcampak/sources/source1/tmp/20170301163013.jpg to: /home/webcampak/webcampak/sources/source1/live/last-capture.jpg
2017-03-01 16:30:21,733 (INFO) webcampak : captureUtils.archivePicture(): Saving JPG picture to: /home/webcampak/webcampak/sources/source1/pictures/20170301/20170301163013.jpg
2017-03-01 16:30:21,828 (INFO) webcampak : captureUtils.generateHotlinks(): Hotlink File: /home/webcampak/webcampak/sources/source1/live/webcam-1920x1280.jpg
2017-03-01 16:30:27,359 (INFO) webcampak : pictureTransformations.resize(): Resized picture to 1920x1280 in 5529 ms
2017-03-01 16:30:27,360 (INFO) webcampak : captureUtils.generateHotlinks(): Hotlink File: /home/webcampak/webcampak/sources/source1/live/webcam-1280x720.jpg
2017-03-01 16:30:30,778 (INFO) webcampak : pictureTransformations.resize(): Resized picture to 1280x720 in 3416 ms
2017-03-01 16:30:30,780 (INFO) webcampak : captureUtils.generateHotlinks(): Hotlink File: /home/webcampak/webcampak/sources/source1/live/webcam-640x480.jpg
2017-03-01 16:30:33,945 (INFO) webcampak : pictureTransformations.resize(): Resized picture to 640x480 in 3164 ms
2017-03-01 16:30:33,947 (INFO) webcampak : captureUtils.generateHotlinks(): Hotlink: 4 disabled
2017-03-01 16:30:33,983 (INFO) webcampak : captureUtils.copyPicture(): SourceCopy: JPG Picture copied to /home/webcampak/webcampak/sources/source10/tmp/20170301/20170301163013.jpg
2017-03-01 16:30:33,984 (INFO) webcampak : captureUtils.purgePictures(): Removing file: /home/webcampak/webcampak/sources/source1/tmp/20170301163013.jpg
2017-03-01 16:30:34,040 (INFO) webcampak : capture.run(): Capture process completed
2017-03-01 16:30:34,057 (INFO) webcampak : captureUtils.deleteOldPictures(): System configured to delete picture from:  /home/webcampak/webcampak/sources/source1/pictures/ after 2 days
2017-03-01 16:30:34,058 (INFO) webcampak : captureUtils.deleteOldPictures(): Directory 20170228 is 1 days old
2017-03-01 16:30:34,060 (INFO) webcampak : captureUtils.deleteOldPictures(): Directory 20170301 is 0 days old
2017-03-01 16:30:34,061 (INFO) webcampak : captureUtils.deleteOldPictures(): Directory 20170227 is 2 days old
2017-03-01 16:30:34,063 (INFO) webcampak : timeUtils.getCurrentSourceTime(): Source Timezone is: Europe/Paris
2017-03-01 16:30:34,067 (INFO) webcampak : timeUtils.getCurrentSourceTime(): Current source time: 2017-03-01T16:30:34.066954+01:00
2017-03-01 16:30:34,068 (INFO) webcampak : capture.run(): Capture: Overall capture time: 20468 ms
2017-03-01 16:30:34,132 (INFO) webcampak : captureObj.writeJsonFile(): Writing to: /home/webcampak/webcampak/sources/source1/live/last-capture.json
2017-03-01 16:30:34,134 (INFO) webcampak : captureObj.writeCaptureFile(): Successfully saved last capture file to: /home/webcampak/webcampak/sources/source1/live/last-capture.json
2017-03-01 16:30:34,152 (INFO) webcampak : captureObj.archiveJsonFile(): Writing to: /home/webcampak/webcampak/sources/source1/resources/capture/20170301.jsonl
2017-03-01 16:30:34,154 (INFO) webcampak : captureObj.archiveCaptureFile(): Successfully archived capture file to: /home/webcampak/webcampak/sources/source1/resources/capture/20170301.jsonl
2017-03-01 16:30:34,155 (INFO) webcampak : capture.run(): -----------------------------------------------------------------------
2017-03-01 16:30:34,156 (INFO) webcampak : ===END===